c:\users\miguel\documents\visual studio 2017\projects\hackerrank\hackerrank\debug\vc141.pdb
c:\users\miguel\documents\visual studio 2017\projects\hackerrank\hackerrank\debug\vc141.idb
c:\users\miguel\documents\visual studio 2017\projects\hackerrank\hackerrank\debug\hackerrank.obj
c:\users\miguel\documents\visual studio 2017\projects\hackerrank\hackerrank\debug\stdafx.obj
c:\users\miguel\documents\visual studio 2017\projects\hackerrank\hackerrank\debug\hackerrank_pointer1.obj
c:\users\miguel\documents\visual studio 2017\projects\hackerrank\debug\hackerrank.ilk
c:\users\miguel\documents\visual studio 2017\projects\hackerrank\debug\hackerrank.exe
c:\users\miguel\documents\visual studio 2017\projects\hackerrank\debug\hackerrank.pdb
c:\users\miguel\documents\visual studio 2017\projects\hackerrank\hackerrank\debug\hackerrank.tlog\cl.command.1.tlog
c:\users\miguel\documents\visual studio 2017\projects\hackerrank\hackerrank\debug\hackerrank.tlog\cl.read.1.tlog
c:\users\miguel\documents\visual studio 2017\projects\hackerrank\hackerrank\debug\hackerrank.tlog\cl.write.1.tlog
c:\users\miguel\documents\visual studio 2017\projects\hackerrank\hackerrank\debug\hackerrank.tlog\link.12336-cvtres.read.1.tlog
c:\users\miguel\documents\visual studio 2017\projects\hackerrank\hackerrank\debug\hackerrank.tlog\link.12336-cvtres.write.1.tlog
c:\users\miguel\documents\visual studio 2017\projects\hackerrank\hackerrank\debug\hackerrank.tlog\link.12336-rc.read.1.tlog
c:\users\miguel\documents\visual studio 2017\projects\hackerrank\hackerrank\debug\hackerrank.tlog\link.12336-rc.write.1.tlog
c:\users\miguel\documents\visual studio 2017\projects\hackerrank\hackerrank\debug\hackerrank.tlog\link.12336.read.1.tlog
c:\users\miguel\documents\visual studio 2017\projects\hackerrank\hackerrank\debug\hackerrank.tlog\link.12336.write.1.tlog
c:\users\miguel\documents\visual studio 2017\projects\hackerrank\hackerrank\debug\hackerrank.tlog\link.command.1.tlog
c:\users\miguel\documents\visual studio 2017\projects\hackerrank\hackerrank\debug\hackerrank.tlog\link.read.1.tlog
c:\users\miguel\documents\visual studio 2017\projects\hackerrank\hackerrank\debug\hackerrank.tlog\link.write.1.tlog
